Generated at 2019-07-23 05:44:52 +0000
TypeError: no implicit conversion of Symbol into Integer
/root/raghu/cookbooks/local-mode-cache/cache/cookbooks/apache/recipes/apache.rb:13:in `[]'
/root/raghu/cookbooks/local-mode-cache/cache/cookbooks/apache/recipes/apache.rb:13:in `block in from_file'
/opt/chefdk/embedded/lib/ruby/gems/2.6.0/gems/chef-15.1.36/lib/chef/resource_builder.rb:66:in `instance_eval'
/opt/chefdk/embedded/lib/ruby/gems/2.6.0/gems/chef-15.1.36/lib/chef/resource_builder.rb:66:in `build'
/opt/chefdk/embedded/lib/ruby/gems/2.6.0/gems/chef-15.1.36/lib/chef/dsl/declare_resource.rb:314:in `build_resource'
/opt/chefdk/embedded/lib/ruby/gems/2.6.0/gems/chef-15.1.36/lib/chef/dsl/declare_resource.rb:271:in `declare_resource'
/opt/chefdk/embedded/lib/ruby/gems/2.6.0/gems/chef-15.1.36/lib/chef/dsl/resources.rb:36:in `service'
/root/raghu/cookbooks/local-mode-cache/cache/cookbooks/apache/recipes/apache.rb:12:in `from_file'
/opt/chefdk/embedded/lib/ruby/gems/2.6.0/gems/chef-15.1.36/lib/chef/mixin/from_file.rb:34:in `instance_eval'
/opt/chefdk/embedded/lib/ruby/gems/2.6.0/gems/chef-15.1.36/lib/chef/mixin/from_file.rb:34:in `from_file'
/opt/chefdk/embedded/lib/ruby/gems/2.6.0/gems/chef-15.1.36/lib/chef/cookbook_version.rb:199:in `load_recipe'
/opt/chefdk/embedded/lib/ruby/gems/2.6.0/gems/chef-15.1.36/lib/chef/run_context.rb:362:in `load_recipe'
/opt/chefdk/embedded/lib/ruby/gems/2.6.0/gems/chef-15.1.36/lib/chef/run_context.rb:318:in `block in include_recipe'
/opt/chefdk/embedded/lib/ruby/gems/2.6.0/gems/chef-15.1.36/lib/chef/run_context.rb:317:in `each'
/opt/chefdk/embedded/lib/ruby/gems/2.6.0/gems/chef-15.1.36/lib/chef/run_context.rb:317:in `include_recipe'
/opt/chefdk/embedded/lib/ruby/gems/2.6.0/gems/chef-15.1.36/lib/chef/dsl/include_recipe.rb:26:in `include_recipe'
/root/raghu/cookbooks/local-mode-cache/cache/cookbooks/apache/recipes/default.rb:7:in `from_file'
/opt/chefdk/embedded/lib/ruby/gems/2.6.0/gems/chef-15.1.36/lib/chef/mixin/from_file.rb:34:in `instance_eval'
/opt/chefdk/embedded/lib/ruby/gems/2.6.0/gems/chef-15.1.36/lib/chef/mixin/from_file.rb:34:in `from_file'
/opt/chefdk/embedded/lib/ruby/gems/2.6.0/gems/chef-15.1.36/lib/chef/cookbook_version.rb:199:in `load_recipe'
/opt/chefdk/embedded/lib/ruby/gems/2.6.0/gems/chef-15.1.36/lib/chef/run_context.rb:362:in `load_recipe'
/opt/chefdk/embedded/lib/ruby/gems/2.6.0/gems/chef-15.1.36/lib/chef/run_context/cookbook_compiler.rb:166:in `block in compile_recipes'
/opt/chefdk/embedded/lib/ruby/gems/2.6.0/gems/chef-15.1.36/lib/chef/run_context/cookbook_compiler.rb:163:in `each'
/opt/chefdk/embedded/lib/ruby/gems/2.6.0/gems/chef-15.1.36/lib/chef/run_context/cookbook_compiler.rb:163:in `compile_recipes'
/opt/chefdk/embedded/lib/ruby/gems/2.6.0/gems/chef-15.1.36/lib/chef/run_context/cookbook_compiler.rb:79:in `compile'
/opt/chefdk/embedded/lib/ruby/gems/2.6.0/gems/chef-15.1.36/lib/chef/run_context.rb:212:in `load'
/opt/chefdk/embedded/lib/ruby/gems/2.6.0/gems/chef-15.1.36/lib/chef/policy_builder/expand_node_object.rb:103:in `setup_run_context'
/opt/chefdk/embedded/lib/ruby/2.6.0/forwardable.rb:230:in `setup_run_context'
/opt/chefdk/embedded/lib/ruby/gems/2.6.0/gems/chef-15.1.36/lib/chef/client.rb:488:in `setup_run_context'
/opt/chefdk/embedded/lib/ruby/gems/2.6.0/gems/chef-15.1.36/lib/chef/client.rb:285:in `run'
/opt/chefdk/embedded/lib/ruby/gems/2.6.0/gems/chef-15.1.36/lib/chef/application.rb:320:in `run_with_graceful_exit_option'
/opt/chefdk/embedded/lib/ruby/gems/2.6.0/gems/chef-15.1.36/lib/chef/application.rb:296:in `block in run_chef_client'
/opt/chefdk/embedded/lib/ruby/gems/2.6.0/gems/chef-15.1.36/lib/chef/local_mode.rb:42:in `with_server_connectivity'
/opt/chefdk/embedded/lib/ruby/gems/2.6.0/gems/chef-15.1.36/lib/chef/application.rb:279:in `run_chef_client'
/opt/chefdk/embedded/lib/ruby/gems/2.6.0/gems/chef-15.1.36/lib/chef/application/client.rb:447:in `run_application'
/opt/chefdk/embedded/lib/ruby/gems/2.6.0/gems/chef-15.1.36/lib/chef/application.rb:69:in `run'
/opt/chefdk/embedded/lib/ruby/gems/2.6.0/gems/chef-15.1.36/lib/chef/application/solo.rb:229:in `run'
/opt/chefdk/embedded/lib/ruby/gems/2.6.0/gems/chef-bin-15.1.36/bin/chef-solo:24:in `<top (required)>'
/bin/chef-solo:349:in `load'
/bin/chef-solo:349:in `<main>'